c:\users\ken\documents\github\simple-mathlab\windowsformsapplication_cpp\windowsformsapplication_cpp\debug\vc140.pdb
c:\users\ken\documents\github\simple-mathlab\windowsformsapplication_cpp\windowsformsapplication_cpp\debug\windowsform.obj
c:\users\ken\documents\github\simple-mathlab\windowsformsapplication_cpp\windowsformsapplication_cpp\debug\dotnetuitilities.obj
c:\users\ken\documents\github\simple-mathlab\windowsformsapplication_cpp\windowsformsapplication_cpp\debug\datamanager.obj
c:\users\ken\documents\github\simple-mathlab\windowsformsapplication_cpp\windowsformsapplication_cpp\debug\.netframework,version=v4.5.2.assemblyattributes.obj
c:\users\ken\documents\github\simple-mathlab\windowsformsapplication_cpp\windowsformsapplication_cpp\debug\.netframework,version=v4.5.2.assemblyattributes.asm
c:\users\ken\documents\github\simple-mathlab\windowsformsapplication_cpp\debug\windowsformsapplication_cpp.exe
c:\users\ken\documents\github\simple-mathlab\windowsformsapplication_cpp\debug\windowsformsapplication_cpp.pdb
c:\users\ken\documents\github\simple-mathlab\windowsformsapplication_cpp\windowsformsapplication_cpp\debug\windowsformsapplication_cpp.windowsform.resources
c:\users\ken\documents\github\simple-mathlab\windowsformsapplication_cpp\windowsformsapplication_cpp\debug\windowsformsapplication_cpp.vcxproj.generateresource.cache
c:\users\ken\documents\github\simple-mathlab\windowsformsapplication_cpp\windowsformsapplication_cpp\debug\windowsformsapplication_cpp.vcxprojresolveassemblyreference.cache
c:\users\ken\documents\github\simple-mathlab\windowsformsapplication_cpp\windowsformsapplication_cpp\debug\nativecodeanalysis.read.1.tlog
c:\users\ken\documents\github\simple-mathlab\windowsformsapplication_cpp\windowsformsapplication_cpp\debug\.netframework,version=v4.5.2.assemblyattributes.nativecodeanalysis.xml
c:\users\ken\documents\github\simple-mathlab\windowsformsapplication_cpp\windowsformsapplication_cpp\debug\datamanager.nativecodeanalysis.xml
c:\users\ken\documents\github\simple-mathlab\windowsformsapplication_cpp\windowsformsapplication_cpp\debug\dotnetuitilities.nativecodeanalysis.xml
c:\users\ken\documents\github\simple-mathlab\windowsformsapplication_cpp\windowsformsapplication_cpp\debug\vc.nativecodeanalysis.all.xml
c:\users\ken\documents\github\simple-mathlab\windowsformsapplication_cpp\windowsformsapplication_cpp\debug\windowsform.nativecodeanalysis.xml
c:\users\ken\documents\github\simple-mathlab\windowsformsapplication_cpp\debug\windowsformsapplication_cpp.exe.codeanalysislog.xml
c:\users\ken\documents\github\simple-mathlab\windowsformsapplication_cpp\debug\windowsformsapplication_cpp.exe.lastcodeanalysissucceeded
c:\users\ken\documents\github\simple-mathlab\windowsformsapplication_cpp\windowsformsapplication_cpp\debug\windowsf.4c6bccbd.tlog\cl.command.1.tlog
c:\users\ken\documents\github\simple-mathlab\windowsformsapplication_cpp\windowsformsapplication_cpp\debug\windowsf.4c6bccbd.tlog\cl.read.1.tlog
c:\users\ken\documents\github\simple-mathlab\windowsformsapplication_cpp\windowsformsapplication_cpp\debug\windowsf.4c6bccbd.tlog\cl.write.1.tlog
c:\users\ken\documents\github\simple-mathlab\windowsformsapplication_cpp\windowsformsapplication_cpp\debug\windowsf.4c6bccbd.tlog\link.command.1.tlog
c:\users\ken\documents\github\simple-mathlab\windowsformsapplication_cpp\windowsformsapplication_cpp\debug\windowsf.4c6bccbd.tlog\link.read.1.tlog
c:\users\ken\documents\github\simple-mathlab\windowsformsapplication_cpp\windowsformsapplication_cpp\debug\windowsf.4c6bccbd.tlog\link.write.1.tlog
c:\users\ken\documents\github\simple-mathlab\windowsformsapplication_cpp\windowsformsapplication_cpp\debug\windowsf.4c6bccbd.tlog\metagen.read.1.tlog
c:\users\ken\documents\github\simple-mathlab\windowsformsapplication_cpp\windowsformsapplication_cpp\debug\windowsf.4c6bccbd.tlog\metagen.write.1.tlog
c:\users\ken\documents\github\simple-mathlab\windowsformsapplication_cpp\windowsformsapplication_cpp\debug\windowsf.4c6bccbd.tlog\windowsformsapplication_cpp.write.1u.tlog
c:\users\ken\documents\github\simple-mathlab\windowsformsapplication_cpp\windowsformsapplication_cpp\debug\windowsf.4c6bccbd.tlog\msxml6r.dll.bi
c:\users\ken\documents\github\simple-mathlab\windowsformsapplication_cpp\windowsformsapplication_cpp\debug\windowsf.4c6bccbd.tlog\tzres.dll.bi
